<?xml version="1.0" encoding="UTF-8"?>
<testsuite xmlns:xsi="http://www.w3.org/2001/XMLSchema-instance" xsi:noNamespaceSchemaLocation="https://maven.apache.org/surefire/maven-surefire-plugin/xsd/surefire-test-report-3.0.xsd" version="3.0" name="TestSuite" time="11.519" tests="12" errors="0" skipped="0" failures="2">
  <properties>
[...]
</properties>
  <testcase name="addMovieToAList" classname="test.List" time="1.204">
    <system-err><![CDATA[SLF4J: Failed to load class "org.slf4j.impl.StaticLoggerBinder".
SLF4J: Defaulting to no-operation (NOP) logger implementation
SLF4J: See http://www.slf4j.org/codes.html#StaticLoggerBinder for further details.
]]></system-err>
  </testcase>
  <testcase name="clearList" classname="test.List" time="1.108"/>
  <testcase name="createList" classname="test.List" time="0.259"/>
  <testcase name="deletedList" classname="test.List" time="1.048">
    <failure message="Request List should be successful expected [true] but found [false]" type="java.lang.AssertionError"><![CDATA[java.lang.AssertionError: Request List should be successful expected [true] but found [false]
	at test.List.deletedList(List.java:80)
]]></failure>
  </testcase>
  <testcase name="getListDetails" classname="test.List" time="1.044"/>
  <testcase name="createGuestSession" classname="test.Authentication" time="0.16"/>
  <testcase name="createRequestToken" classname="test.Authentication" time="0.158"/>
  <testcase name="createSession" classname="test.Authentication" time="0.49"/>
  <testcase name="createSessionWithLogin" classname="test.Authentication" time="0.312"/>
  <testcase name="deletedSession" classname="test.Authentication" time="0.545"/>
  <testcase name="getMovieDetails" classname="test.Movies" time="0.083"/>
  <testcase name="rateMovie" classname="test.Movies" time="0.192">
    <failure message="expected [1] but found [12]" type="java.lang.AssertionError"><![CDATA[java.lang.AssertionError: expected [1] but found [12]
	at test.Movies.rateMovie(Movies.java:36)
]]></failure>
  </testcase>
</testsuite>