<?xml version="1.0" encoding="UTF-8"?>
<testsuite xmlns:xsi="http://www.w3.org/2001/XMLSchema-instance" xsi:noNamespaceSchemaLocation="https://maven.apache.org/surefire/maven-surefire-plugin/xsd/surefire-test-report-3.0.xsd" version="3.0" name="TestSuite" time="15.765" tests="12" errors="0" skipped="0" failures="2">
  <properties>
[...]
</properties>
  <testcase name="addMovieToAList" classname="test.List" time="1.166">
    <system-out><![CDATA[Setup de la suit

io.restassured.internal.RestAssuredResponseImpl@7a34f66a

io.restassured.internal.RestAssuredResponseImpl@3b1ed14b
]]></system-out>
    <system-err><![CDATA[SLF4J: Failed to load class "org.slf4j.impl.StaticLoggerBinder".
SLF4J: Defaulting to no-operation (NOP) logger implementation
SLF4J: See http://www.slf4j.org/codes.html#StaticLoggerBinder for further details.
]]></system-err>
  </testcase>
  <testcase name="clearList" classname="test.List" time="1.231">
    <system-out><![CDATA[
io.restassured.internal.RestAssuredResponseImpl@15405bd6
]]></system-out>
  </testcase>
  <testcase name="createList" classname="test.List" time="0.333">
    <system-out><![CDATA[183335a2b330ca7193da84bd99ccea2624750da2
{"name":"ObjectBodyFactory list","description":"random fbvbkyr description yjcwett ivpmsurtqk","language":"en"}
{
    "status_code": 1,
    "status_message": "The item/record was created successfully.",
    "success": true,
    "list_id": 7106471
}
io.restassured.internal.ValidatableResponseImpl@7a45d714
]]></system-out>
  </testcase>
  <testcase name="deletedList" classname="test.List" time="1.087">
    <failure message="Request List should be successful expected [true] but found [false]" type="java.lang.AssertionError"><![CDATA[java.lang.AssertionError: Request List should be successful expected [true] but found [false]
	at test.List.deletedList(List.java:84)
]]></failure>
    <system-out><![CDATA[
io.restassured.internal.RestAssuredResponseImpl@5807efad
]]></system-out>
  </testcase>
  <testcase name="getListDetails" classname="test.List" time="1.037">
    <system-out><![CDATA[
io.restassured.internal.RestAssuredResponseImpl@36d33f4
get details
]]></system-out>
  </testcase>
  <testcase name="createGuestSession" classname="test.Authentication" time="0.199">
    <system-out><![CDATA[Setup de la suit
ObjectBodyFactory guest
]]></system-out>
  </testcase>
  <testcase name="createRequestToken" classname="test.Authentication" time="0.163">
    <system-out><![CDATA[Request token
]]></system-out>
  </testcase>
  <testcase name="createSession" classname="test.Authentication" time="0.449">
    <system-out><![CDATA[
io.restassured.internal.RestAssuredResponseImpl@c1050f2
{
    "success": true,
    "session_id": "032d09fee4355130c3e398bf71cd6555ce3fb9dc"
}
io.restassured.internal.ValidatableResponseImpl@1980a3f
ObjectBodyFactory session
]]></system-out>
  </testcase>
  <testcase name="createSessionWithLogin" classname="test.Authentication" time="0.319">
    <system-out><![CDATA[379ac2ed5b29b78351f4e450736d85fb374127e9

{"username":"angie.giceth","password":"123456","request_token":"379ac2ed5b29b78351f4e450736d85fb374127e9"}
{
    "success": true,
    "expires_at": "2021-09-03 05:52:44 UTC",
    "request_token": "379ac2ed5b29b78351f4e450736d85fb374127e9"
}
io.restassured.internal.ValidatableResponseImpl@4f59a516
]]></system-out>
  </testcase>
  <testcase name="deletedSession" classname="test.Authentication" time="0.562">
    <system-out><![CDATA[
io.restassured.internal.RestAssuredResponseImpl@32a4ecbe
Deleted session
]]></system-out>
  </testcase>
  <testcase name="getMovieDetails" classname="test.Movies" time="0.098">
    <system-out><![CDATA[Setup de la suit

io.restassured.internal.RestAssuredResponseImpl@2415e4c7
]]></system-out>
  </testcase>
  <testcase name="rateMovie" classname="test.Movies" time="0.164">
    <failure message="expected [1] but found [12]" type="java.lang.AssertionError"><![CDATA[java.lang.AssertionError: expected [1] but found [12]
	at test.Movies.rateMovie(Movies.java:36)
]]></failure>
  </testcase>
</testsuite>