<?xml version="1.0" encoding="UTF-8"?>
<!-- Generated by org.testng.reporters.JUnitXMLReporter -->
<testsuite hostname="EN911187" ignored="0" name="Regression" tests="12" failures="2" timestamp="2021-09-02T23:52:46 COT" time="13.508" errors="0">
  <testcase name="addMovieToAList" time="1.138" classname="test.List"/>
  <testcase name="clearList" time="1.228" classname="test.List"/>
  <testcase name="createList" time="0.331" classname="test.List"/>
  <testcase name="deletedList" time="1.082" classname="test.List">
    <failure type="java.lang.AssertionError" message="Request List should be successful expected [true] but found [false]">
      <![CDATA[java.lang.AssertionError: Request List should be successful expected [true] but found [false]
at utils.Confirmation.assertSuccessTrue(Confirmation.java:10)
at test.List.deletedList(List.java:84)
at java.util.ArrayList.forEach(ArrayList.java:1259)
... Removed 34 stack frames]]>
    </failure>
  </testcase> <!-- deletedList -->
  <testcase name="getListDetails" time="1.035" classname="test.List"/>
  <testcase name="createGuestSession" time="0.198" classname="test.Authentication"/>
  <testcase name="createRequestToken" time="0.164" classname="test.Authentication"/>
  <testcase name="createSession" time="0.446" classname="test.Authentication"/>
  <testcase name="createSessionWithLogin" time="0.318" classname="test.Authentication"/>
  <testcase name="deletedSession" time="0.56" classname="test.Authentication"/>
  <testcase name="getMovieDetails" time="0.099" classname="test.Movies"/>
  <testcase name="rateMovie" time="0.164" classname="test.Movies">
    <failure type="java.lang.AssertionError" message="expected [1] but found [12]">
      <![CDATA[java.lang.AssertionError: expected [1] but found [12]
at utils.Confirmation.assertStatusCode(Confirmation.java:34)
at test.Movies.rateMovie(Movies.java:36)
at java.util.ArrayList.forEach(ArrayList.java:1259)
... Removed 37 stack frames]]>
    </failure>
  </testcase> <!-- rateMovie -->
</testsuite> <!-- Regression -->
